Created by PLY version 3.11 (http://www.dabeaz.com/ply)

Grammar

Rule 0     S' -> command
Rule 1     command -> ADD WORD STRING AT STRING IN STRING FROM DATE TO DATE PRICE NUMBER TO NUMBER
Rule 2     command -> LIST EVENTS IN STRING
Rule 3     command -> BOOK STRING ON DATE FOR STRING
Rule 4     command -> CONFIRM BOOKING NUMBER
Rule 5     command -> PAY FOR BOOKING NUMBER
Rule 6     command -> CANCEL BOOKING NUMBER
Rule 7     command -> UPDATE EVENT STRING WITH NUMBER NEW TICKETS

Terminals, with rules where they appear

ADD                  : 1
AT                   : 1
BOOK                 : 3
BOOKING              : 4 5 6
CANCEL               : 6
CONFIRM              : 4
DATE                 : 1 1 3
EVENT                : 7
EVENTS               : 2
FOR                  : 3 5
FROM                 : 1
IN                   : 1 2
LIST                 : 2
NEW                  : 7
NUMBER               : 1 1 4 5 6 7
ON                   : 3
PAY                  : 5
PRICE                : 1
STRING               : 1 1 1 2 3 3 7
TICKETS              : 7
TO                   : 1 1
UPDATE               : 7
WITH                 : 7
WORD                 : 1
error                : 

Nonterminals, with rules where they appear

command              : 0

Parsing method: LALR

state 0

    (0) S' -> . command
    (1) command -> . ADD WORD STRING AT STRING IN STRING FROM DATE TO DATE PRICE NUMBER TO NUMBER
    (2) command -> . LIST EVENTS IN STRING
    (3) command -> . BOOK STRING ON DATE FOR STRING
    (4) command -> . CONFIRM BOOKING NUMBER
    (5) command -> . PAY FOR BOOKING NUMBER
    (6) command -> . CANCEL BOOKING NUMBER
    (7) command -> . UPDATE EVENT STRING WITH NUMBER NEW TICKETS

    ADD             shift and go to state 2
    LIST            shift and go to state 3
    BOOK            shift and go to state 4
    CONFIRM         shift and go to state 5
    PAY             shift and go to state 6
    CANCEL          shift and go to state 7
    UPDATE          shift and go to state 8

    command                        shift and go to state 1

state 1

    (0) S' -> command .



state 2

    (1) command -> ADD . WORD STRING AT STRING IN STRING FROM DATE TO DATE PRICE NUMBER TO NUMBER

    WORD            shift and go to state 9


state 3

    (2) command -> LIST . EVENTS IN STRING

    EVENTS          shift and go to state 10


state 4

    (3) command -> BOOK . STRING ON DATE FOR STRING

    STRING          shift and go to state 11


state 5

    (4) command -> CONFIRM . BOOKING NUMBER

    BOOKING         shift and go to state 12


state 6

    (5) command -> PAY . FOR BOOKING NUMBER

    FOR             shift and go to state 13


state 7

    (6) command -> CANCEL . BOOKING NUMBER

    BOOKING         shift and go to state 14


state 8

    (7) command -> UPDATE . EVENT STRING WITH NUMBER NEW TICKETS

    EVENT           shift and go to state 15


state 9

    (1) command -> ADD WORD . STRING AT STRING IN STRING FROM DATE TO DATE PRICE NUMBER TO NUMBER

    STRING          shift and go to state 16


state 10

    (2) command -> LIST EVENTS . IN STRING

    IN              shift and go to state 17


state 11

    (3) command -> BOOK STRING . ON DATE FOR STRING

    ON              shift and go to state 18


state 12

    (4) command -> CONFIRM BOOKING . NUMBER

    NUMBER          shift and go to state 19


state 13

    (5) command -> PAY FOR . BOOKING NUMBER

    BOOKING         shift and go to state 20


state 14

    (6) command -> CANCEL BOOKING . NUMBER

    NUMBER          shift and go to state 21


state 15

    (7) command -> UPDATE EVENT . STRING WITH NUMBER NEW TICKETS

    STRING          shift and go to state 22


state 16

    (1) command -> ADD WORD STRING . AT STRING IN STRING FROM DATE TO DATE PRICE NUMBER TO NUMBER

    AT              shift and go to state 23


state 17

    (2) command -> LIST EVENTS IN . STRING

    STRING          shift and go to state 24


state 18

    (3) command -> BOOK STRING ON . DATE FOR STRING

    DATE            shift and go to state 25


state 19

    (4) command -> CONFIRM BOOKING NUMBER .

    $end            reduce using rule 4 (command -> CONFIRM BOOKING NUMBER .)


state 20

    (5) command -> PAY FOR BOOKING . NUMBER

    NUMBER          shift and go to state 26


state 21

    (6) command -> CANCEL BOOKING NUMBER .

    $end            reduce using rule 6 (command -> CANCEL BOOKING NUMBER .)


state 22

    (7) command -> UPDATE EVENT STRING . WITH NUMBER NEW TICKETS

    WITH            shift and go to state 27


state 23

    (1) command -> ADD WORD STRING AT . STRING IN STRING FROM DATE TO DATE PRICE NUMBER TO NUMBER

    STRING          shift and go to state 28


state 24

    (2) command -> LIST EVENTS IN STRING .

    $end            reduce using rule 2 (command -> LIST EVENTS IN STRING .)


state 25

    (3) command -> BOOK STRING ON DATE . FOR STRING

    FOR             shift and go to state 29


state 26

    (5) command -> PAY FOR BOOKING NUMBER .

    $end            reduce using rule 5 (command -> PAY FOR BOOKING NUMBER .)


state 27

    (7) command -> UPDATE EVENT STRING WITH . NUMBER NEW TICKETS

    NUMBER          shift and go to state 30


state 28

    (1) command -> ADD WORD STRING AT STRING . IN STRING FROM DATE TO DATE PRICE NUMBER TO NUMBER

    IN              shift and go to state 31


state 29

    (3) command -> BOOK STRING ON DATE FOR . STRING

    STRING          shift and go to state 32


state 30

    (7) command -> UPDATE EVENT STRING WITH NUMBER . NEW TICKETS

    NEW             shift and go to state 33


state 31

    (1) command -> ADD WORD STRING AT STRING IN . STRING FROM DATE TO DATE PRICE NUMBER TO NUMBER

    STRING          shift and go to state 34


state 32

    (3) command -> BOOK STRING ON DATE FOR STRING .

    $end            reduce using rule 3 (command -> BOOK STRING ON DATE FOR STRING .)


state 33

    (7) command -> UPDATE EVENT STRING WITH NUMBER NEW . TICKETS

    TICKETS         shift and go to state 35


state 34

    (1) command -> ADD WORD STRING AT STRING IN STRING . FROM DATE TO DATE PRICE NUMBER TO NUMBER

    FROM            shift and go to state 36


state 35

    (7) command -> UPDATE EVENT STRING WITH NUMBER NEW TICKETS .

    $end            reduce using rule 7 (command -> UPDATE EVENT STRING WITH NUMBER NEW TICKETS .)


state 36

    (1) command -> ADD WORD STRING AT STRING IN STRING FROM . DATE TO DATE PRICE NUMBER TO NUMBER

    DATE            shift and go to state 37


state 37

    (1) command -> ADD WORD STRING AT STRING IN STRING FROM DATE . TO DATE PRICE NUMBER TO NUMBER

    TO              shift and go to state 38


state 38

    (1) command -> ADD WORD STRING AT STRING IN STRING FROM DATE TO . DATE PRICE NUMBER TO NUMBER

    DATE            shift and go to state 39


state 39

    (1) command -> ADD WORD STRING AT STRING IN STRING FROM DATE TO DATE . PRICE NUMBER TO NUMBER

    PRICE           shift and go to state 40


state 40

    (1) command -> ADD WORD STRING AT STRING IN STRING FROM DATE TO DATE PRICE . NUMBER TO NUMBER

    NUMBER          shift and go to state 41


state 41

    (1) command -> ADD WORD STRING AT STRING IN STRING FROM DATE TO DATE PRICE NUMBER . TO NUMBER

    TO              shift and go to state 42


state 42

    (1) command -> ADD WORD STRING AT STRING IN STRING FROM DATE TO DATE PRICE NUMBER TO . NUMBER

    NUMBER          shift and go to state 43


state 43

    (1) command -> ADD WORD STRING AT STRING IN STRING FROM DATE TO DATE PRICE NUMBER TO NUMBER .

    $end            reduce using rule 1 (command -> ADD WORD STRING AT STRING IN STRING FROM DATE TO DATE PRICE NUMBER TO NUMBER .)

